<?xml version="1.0" encoding="UTF-8"?>
<!-- Generated by org.testng.reporters.JUnitReportReporter -->
<testsuite hostname="CS-AUTO-15" failures="0" tests="1" name="Regression.TestXpath" time="10.904" errors="0" timestamp="2022-12-23T13:28:27 IST" skipped="0">
  <testcase classname="Regression.TestXpath" name="main1" time="10.904"/>
  <system-out/>
</testsuite> <!-- Regression.TestXpath -->
