<?xml version="1.0" encoding="UTF-8"?>
<!-- Generated by org.testng.reporters.JUnitReportReporter -->
<testsuite hostname="CS-AUTO-15" failures="0" tests="1" name="Regression.TC007" time="0.008" errors="0" timestamp="2023-04-12T12:53:55 IST" skipped="0">
  <testcase classname="Regression.TC007" name="main1" time="0.008"/>
  <system-out/>
</testsuite> <!-- Regression.TC007 -->
