<?xml version="1.0" encoding="UTF-8"?>
<!-- Generated by org.testng.reporters.JUnitReportReporter -->
<testsuite hostname="CS-AUTO-15" failures="0" tests="4" name="Regression.TC002" time="0.488" errors="0" timestamp="2023-02-01T17:55:30 IST" skipped="0">
  <testcase classname="Regression.TC002" name="logtest2" time="0.017"/>
  <system-out/>
  <testcase classname="Regression.TC002" name="logtest" time="0.390"/>
  <system-out/>
  <testcase classname="Regression.TC002" name="logtest3" time="0.019"/>
  <system-out/>
  <testcase classname="Regression.TC002" name="logtest4" time="0.062"/>
  <system-out/>
</testsuite> <!-- Regression.TC002 -->
