<?xml version="1.0" encoding="UTF-8"?>
<!-- Generated by org.testng.reporters.JUnitReportReporter -->
<testsuite hostname="CS-AUTO-15" failures="0" tests="1" name="TestXpath" time="12.680" errors="0" timestamp="2022-12-22T15:06:50 IST" skipped="0">
  <testcase classname="TestXpath" name="main1" time="12.680"/>
  <system-out/>
</testsuite> <!-- TestXpath -->
