<?xml version="1.0" encoding="UTF-8"?>
<!-- Generated by org.testng.reporters.JUnitReportReporter -->
<<<<<<< HEAD
<testsuite hostname="CS-AUTO-15" failures="0" tests="1" name="Regression.TestXpath" time="14.046" errors="0" timestamp="2023-04-12T18:45:38 IST" skipped="0">
  <testcase classname="Regression.TestXpath" name="main1" time="14.046"/>
=======
<testsuite hostname="CS-AUTO-15" failures="0" tests="1" name="Regression.TestXpath" time="11.146" errors="0" timestamp="2023-01-24T12:20:49 IST" skipped="0">
  <testcase classname="Regression.TestXpath" name="main1" time="11.146"/>
>>>>>>> 3d413393775ad3b549a594457fc0da7909d8661f
  <system-out/>
</testsuite> <!-- Regression.TestXpath -->
