<?xml version="1.0" encoding="UTF-8"?>
<!-- Generated by org.testng.reporters.JUnitReportReporter -->
<testsuite hostname="CS-AUTO-15" failures="0" tests="4" name="Smoke.TC002" time="0.101" errors="0" timestamp="2023-01-24T17:41:21 IST" skipped="0">
  <testcase classname="Smoke.TC002" name="logtest2" time="0.009"/>
  <system-out/>
  <testcase classname="Smoke.TC002" name="logtest3" time="0.010"/>
  <system-out/>
  <testcase classname="Smoke.TC002" name="logtest4" time="0.010"/>
  <system-out/>
  <testcase classname="Smoke.TC002" name="logtest" time="0.072"/>
  <system-out/>
</testsuite> <!-- Smoke.TC002 -->
