<?xml version="1.0" encoding="UTF-8"?>
<!-- Generated by org.testng.reporters.JUnitReportReporter -->
<testsuite hostname="CS-AUTO-15" failures="0" tests="1" name="Regression.TC004" time="0.003" errors="0" timestamp="2023-01-23T19:25:59 IST" skipped="0">
  <testcase classname="Regression.TC004" name="main1" time="0.003"/>
  <system-out/>
</testsuite> <!-- Regression.TC004 -->
