<?xml version="1.0" encoding="UTF-8"?>
<!-- Generated by org.testng.reporters.JUnitReportReporter -->
<testsuite hostname="CS-AUTO-15" failures="0" tests="1" name="Regression.TC006" time="13.883" errors="0" timestamp="2023-01-24T12:23:40 IST" skipped="0">
  <testcase classname="Regression.TC006" name="signup" time="13.883"/>
  <system-out/>
</testsuite> <!-- Regression.TC006 -->
