<?xml version="1.0" encoding="UTF-8"?>
<!-- Generated by org.testng.reporters.JUnitReportReporter -->
<<<<<<< HEAD
<testsuite hostname="CS-AUTO-15" failures="0" tests="1" name="Regression.TC003" time="0.729" errors="0" timestamp="2023-01-24T17:41:21 IST" skipped="0">
  <testcase classname="Regression.TC003" name="main2" time="0.729"/>
=======
<testsuite hostname="CS-AUTO-15" failures="0" tests="1" name="Regression.TC003" time="0.702" errors="0" timestamp="2023-01-23T19:25:59 IST" skipped="0">
  <testcase classname="Regression.TC003" name="main2" time="0.702"/>
>>>>>>> 3d413393775ad3b549a594457fc0da7909d8661f
  <system-out/>
</testsuite> <!-- Regression.TC003 -->
