<?xml version="1.0" encoding="UTF-8"?>
<!-- Generated by org.testng.reporters.JUnitReportReporter -->
<testsuite hostname="CS-AUTO-15" failures="0" tests="4" name="Regression.TC002" time="0.198" errors="0" timestamp="2023-01-19T18:29:53 IST" skipped="0">
  <testcase classname="Regression.TC002" name="logtest2" time="0.035"/>
  <system-out/>
  <testcase classname="Regression.TC002" name="logtest" time="0.113"/>
  <system-out/>
  <testcase classname="Regression.TC002" name="logtest3" time="0.027"/>
  <system-out/>
  <testcase classname="Regression.TC002" name="logtest4" time="0.023"/>
  <system-out/>
</testsuite> <!-- Regression.TC002 -->
