<?xml version="1.0" encoding="UTF-8"?>
<!-- Generated by org.testng.reporters.JUnitReportReporter -->
<testsuite hostname="CS-AUTO-15" failures="0" tests="1" name="Regression.TC003" time="0.881" errors="0" timestamp="2023-01-24T13:23:33 IST" skipped="0">
  <testcase classname="Regression.TC003" name="main2" time="0.881"/>
  <system-out/>
</testsuite> <!-- Regression.TC003 -->
