<?xml version="1.0" encoding="UTF-8"?>
<!-- Generated by org.testng.reporters.JUnitReportReporter -->
<testsuite hostname="CS-AUTO-15" failures="0" tests="1" name="Regression.TC006" time="10.985" errors="0" timestamp="2023-04-20T18:53:06 IST" skipped="0">
  <testcase classname="Regression.TC006" name="signup" time="10.985"/>
  <system-out/>
</testsuite> <!-- Regression.TC006 -->
