<?xml version="1.0" encoding="UTF-8"?>
<!-- Generated by org.testng.reporters.JUnitReportReporter -->
<testsuite hostname="CS-AUTO-15" failures="0" tests="1" name="Smoke.TestXpath" time="10.480" errors="0" timestamp="2023-04-20T18:53:06 IST" skipped="0">
  <testcase classname="Smoke.TestXpath" name="main1" time="10.480"/>
  <system-out/>
</testsuite> <!-- Smoke.TestXpath -->
