<?xml version="1.0" encoding="UTF-8"?>
<!-- Generated by org.testng.reporters.JUnitReportReporter -->
<testsuite hostname="CS-AUTO-15" failures="0" tests="1" name="Regression.TestXpath" time="26.761" errors="0" timestamp="2023-01-03T17:54:08 IST" skipped="0">
  <testcase classname="Regression.TestXpath" name="main1" time="26.761"/>
  <system-out/>
</testsuite> <!-- Regression.TestXpath -->
