<?xml version="1.0" encoding="UTF-8"?>
<!-- Generated by org.testng.reporters.JUnitReportReporter -->
<<<<<<< HEAD
<testsuite hostname="CS-AUTO-15" failures="0" tests="4" name="Regression.TC002" time="0.563" errors="0" timestamp="2023-04-12T12:52:44 IST" skipped="0">
  <testcase classname="Regression.TC002" name="logtest2" time="0.015"/>
  <system-out/>
  <testcase classname="Regression.TC002" name="logtest4" time="0.016"/>
  <system-out/>
  <testcase classname="Regression.TC002" name="logtest" time="0.517"/>
  <system-out/>
  <testcase classname="Regression.TC002" name="logtest3" time="0.015"/>
=======
<testsuite hostname="CS-AUTO-15" failures="0" tests="4" name="Regression.TC002" time="0.475" errors="0" timestamp="2023-01-24T13:23:33 IST" skipped="0">
  <testcase classname="Regression.TC002" name="logtest4" time="0.022"/>
  <system-out/>
  <testcase classname="Regression.TC002" name="logtest2" time="0.018"/>
  <system-out/>
  <testcase classname="Regression.TC002" name="logtest" time="0.406"/>
  <system-out/>
  <testcase classname="Regression.TC002" name="logtest3" time="0.029"/>
>>>>>>> 3d413393775ad3b549a594457fc0da7909d8661f
  <system-out/>
</testsuite> <!-- Regression.TC002 -->
