<?xml version="1.0" encoding="UTF-8"?>
<!-- Generated by org.testng.reporters.JUnitReportReporter -->
<testsuite hostname="CS-AUTO-15" failures="0" tests="4" name="Smoke.TC002" time="0.136" errors="0" timestamp="2023-04-12T12:52:44 IST" skipped="0">
  <testcase classname="Smoke.TC002" name="logtest" time="0.104"/>
  <system-out/>
  <testcase classname="Smoke.TC002" name="logtest4" time="0.009"/>
  <system-out/>
  <testcase classname="Smoke.TC002" name="logtest3" time="0.007"/>
  <system-out/>
  <testcase classname="Smoke.TC002" name="logtest2" time="0.016"/>
  <system-out/>
</testsuite> <!-- Smoke.TC002 -->
