<?xml version="1.0" encoding="UTF-8"?>
<!-- Generated by org.testng.reporters.JUnitReportReporter -->
<testsuite hostname="CS-AUTO-15" failures="0" tests="1" name="Regression.TC006" time="9.409" errors="0" timestamp="2023-01-24T13:23:33 IST" skipped="0">
  <testcase classname="Regression.TC006" name="signup" time="9.409"/>
  <system-out/>
</testsuite> <!-- Regression.TC006 -->
