<?xml version="1.0" encoding="UTF-8"?>
<!-- Generated by org.testng.reporters.JUnitReportReporter -->
<testsuite hostname="CS-AUTO-15" failures="0" tests="1" name="Regression.TC005" time="0.035" errors="0" timestamp="2023-04-12T12:52:44 IST" skipped="0">
  <testcase classname="Regression.TC005" name="print" time="0.035"/>
  <system-out/>
</testsuite> <!-- Regression.TC005 -->
