<?xml version="1.0" encoding="UTF-8"?>
<!-- Generated by org.testng.reporters.JUnitReportReporter -->
<testsuite hostname="CS-AUTO-15" failures="0" tests="1" name="Regression.TC003" time="0.757" errors="0" timestamp="2023-04-12T12:52:44 IST" skipped="0">
  <testcase classname="Regression.TC003" name="main2" time="0.757"/>
  <system-out/>
</testsuite> <!-- Regression.TC003 -->
